mode: set
blog/internal/post/repo/model.go:26.31,28.2 1 1
blog/internal/post/repo/model.go:30.34,33.2 2 1
blog/internal/post/repo/model.go:35.30,36.37 1 1
blog/internal/post/repo/model.go:39.2,39.30 1 1
blog/internal/post/repo/model.go:36.37,38.3 1 1
blog/internal/post/repo/postgres.go:18.49,23.2 1 1
blog/internal/post/repo/postgres.go:25.60,27.16 2 1
blog/internal/post/repo/postgres.go:31.2,34.16 3 1
blog/internal/post/repo/postgres.go:38.2,45.18 5 1
blog/internal/post/repo/postgres.go:56.2,56.26 1 1
blog/internal/post/repo/postgres.go:27.16,30.3 1 1
blog/internal/post/repo/postgres.go:34.16,37.3 1 1
blog/internal/post/repo/postgres.go:45.18,49.70 2 1
blog/internal/post/repo/postgres.go:53.3,53.31 1 1
blog/internal/post/repo/postgres.go:49.70,51.12 1 1
blog/internal/post/repo/postgres.go:59.45,62.2 1 0
